#
# A fatal error has been detected by the Java Runtime Environment:
#
#  SIGILL (0x4) at pc=0x00007fffaa32b44e, pid=1222, tid=775
#
# JRE version: Java(TM) SE Runtime Environment (8.0_65-b17) (build 1.8.0_65-b17)
# Java VM: Java HotSpot(TM) 64-Bit Server VM (25.65-b01 mixed mode bsd-amd64 compressed oops)
# Problematic frame:
# C  [AppKit+0x3a544e]  -[NSApplication _crashOnException:]+0x6d
#
# Failed to write core dump. Core dumps have been disabled. To enable core dumping, try "ulimit -c unlimited" before starting Java again
#
# If you would like to submit a bug report, please visit:
#   http://bugreport.java.com/bugreport/crash.jsp
# The crash happened outside the Java Virtual Machine in native code.
# See problematic frame for where to report the bug.
#

---------------  T H R E A D  ---------------

Current thread (0x00007ff5d0930800):  JavaThread "AWT-AppKit" daemon [_thread_in_native, id=775, stack(0x00007fff54475000,0x00007fff54c75000)]

siginfo: si_signo: 4 (SIGILL), si_code: 1 (ILL_ILLOPC), si_addr: 0x00007fffaa32b44e

Registers:
RAX=0x00007ff5d0bfb600, RBX=0x00007ff5d392a230, RCX=0x0000000000000001, RDX=0x0000000000000000
RSP=0x00007fff54c706c0, RBP=0x00007fff54c706d0, RSI=0x0000000000000e64, RDI=0x00007ff5d1d43580
R8 =0x0000000008000100, R9 =0x0000000000000000, R10=0x00007fffc74f5190, R11=0xffffffffffffebff
R12=0x00007fffaabf600c, R13=0xd1213c7c28a2006f, R14=0x00007fffc135f040, R15=0x00007ff5d391fce0
RIP=0x00007fffaa32b44e, EFLAGS=0x0000000000010202, ERR=0x0000000000000000
  TRAPNO=0x0000000000000006

Top of Stack: (sp=0x00007fff54c706c0)
0x00007fff54c706c0:   00007ff5d1d49fb8 00007ff5cf81b060
0x00007fff54c706d0:   00007fff54c707b0 00007fffaa3fea32
0x00007fff54c706e0:   000000010afa7000 00007ff5cf400000
0x00007fff54c706f0:   00007fff54c70760 00007fffc1dd691f
0x00007fff54c70700:   0000000000000000 0000000000000002
0x00007fff54c70710:   000000010afa7000 0000000000000002
0x00007fff54c70720:   000000010afaaa00 000000010afaaa00
0x00007fff54c70730:   00007fff54c70810 00007fffc1dd5472
0x00007fff54c70740:   ffff800a30b63680 00007fffcaab4388
0x00007fff54c70750:   00007ff5cf49c980 0000000000000001
0x00007fff54c70760:   00007fff54c707f0 00007fffc1dec4de
0x00007fff54c70770:   0000000000000000 00007ff5cf49c980
0x00007fff54c70780:   d1213c7c28a2006f 00007ff5d391fce0
0x00007fff54c70790:   0000000000000001 00007ff5cf60018a
0x00007fff54c707a0:   00007ff5d391fcf0 00007fff54c707d0
0x00007fff54c707b0:   00007fff54c707c0 00007fffac4f2d37
0x00007fff54c707c0:   00007fff54c70860 00007fffac4f2ca7
0x00007fff54c707d0:   00007ff5d391fce0 ff80000000001000
0x00007fff54c707e0:   00007fffc7501644 0000000000000001
0x00007fff54c707f0:   00007fff54c70860 00007fffac4f2b76
0x00007fff54c70800:   00007fff54c707d0 00007fff54c70800
0x00007fff54c70810:   00007ff5cf600140 00007ff5cf600290
0x00007fff54c70820:   00007fff54c707d0 0000000000000002
0x00007fff54c70830:   d1213c7c28a2006f 0000000000000001
0x00007fff54c70840:   00007ff5cf600130 00007ff5cf600280
0x00007fff54c70850:   0000000000000d03 00007ff5cf600101
0x00007fff54c70860:   00007fff54c71550 00007fffac4d36d9
0x00007fff54c70870:   0000000000000000 0000000000000000
0x00007fff54c70880:   00007fffc74f7da0 00007ff5d3916d50
0x00007fff54c70890:   0000000000000000 00007ff5d3916d60
0x00007fff54c708a0:   cf60010100000000 0000000000000000
0x00007fff54c708b0:   0000000100000000 00007fffaabeb05a 

Instructions: (pc=0x00007fffaa32b44e)
0x00007fffaa32b42e:   48 89 c7 ff 15 21 3d 8d 1c 48 8b 35 9a 6a ba 1c
0x00007fffaa32b43e:   48 89 c7 ff 15 11 3d 8d 1c 48 89 05 72 63 c1 1c
0x00007fffaa32b44e:   0f 0b 48 89 c7 e8 2e f8 7f 00 31 ff 31 f6 31 c0
0x00007fffaa32b45e:   e8 18 c5 e2 ff e8 42 f8 7f 00 48 89 c3 e8 2e f8 

Register to memory mapping:

RAX=0x00007ff5d0bfb600 is an unknown value
RBX=0x00007ff5d392a230 is an unknown value
RCX=0x0000000000000001 is an unknown value
RDX=0x0000000000000000 is an unknown value
RSP=0x00007fff54c706c0 is pointing into the stack for thread: 0x00007ff5d0930800
RBP=0x00007fff54c706d0 is pointing into the stack for thread: 0x00007ff5d0930800
RSI=0x0000000000000e64 is an unknown value
RDI=0x00007ff5d1d43580 is an unknown value
R8 =0x0000000008000100 is an unknown value
R9 =0x0000000000000000 is an unknown value
R10=0x00007fffc74f5190: OBJC_CLASS_$___NSCFString+0 in /System/Library/Frameworks/CoreFoundation.framework/Versions/A/CoreFoundation at 0x00007fffac44c000
R11=0xffffffffffffebff is an unknown value
R12=0x00007fffaabf600c: __NSStyleNameIndexTable+0x82c54 in /System/Library/Frameworks/AppKit.framework/Versions/C/AppKit at 0x00007fffa9f86000
R13=0xd1213c7c28a2006f is an unknown value
R14=0x00007fffc135f040: objc_msgSend+0 in /usr/lib/libobjc.A.dylib at 0x00007fffc1358000
R15=0x00007ff5d391fce0 is an unknown value


Stack: [0x00007fff54475000,0x00007fff54c75000],  sp=0x00007fff54c706c0,  free space=8173k
Native frames: (J=compiled Java code, j=interpreted, Vv=VM code, C=native code)
C  [AppKit+0x3a544e]  -[NSApplication _crashOnException:]+0x6d
C  [AppKit+0x478a32]  __37+[NSDisplayCycle currentDisplayCycle]_block_invoke.31+0x2c4
C  [CoreFoundation+0xa6d37]  __CFRUNLOOP_IS_CALLING_OUT_TO_AN_OBSERVER_CALLBACK_FUNCTION__+0x17
C  [CoreFoundation+0xa6ca7]  __CFRunLoopDoObservers+0x187
C  [CoreFoundation+0x876d9]  __CFRunLoopRun+0x369
C  [CoreFoundation+0x87114]  CFRunLoopRunSpecific+0x1a4
C  [HIToolbox+0x30ebc]  RunCurrentEventLoopInMode+0xf0
C  [HIToolbox+0x30cf1]  ReceiveNextEventCommon+0x1b0
C  [HIToolbox+0x30b26]  _BlockUntilNextEventMatchingListInModeWithFilter+0x47
C  [AppKit+0x46a54]  _DPSNextEvent+0x460
C  [AppKit+0x7c27ee]  -[NSApplication(NSEvent) _nextEventMatchingEventMask:untilDate:inMode:dequeue:]+0xaec
C  [libosxapp.dylib+0x23aa]  -[NSApplicationAWT nextEventMatchingMask:untilDate:inMode:dequeue:]+0x7c
C  [AppKit+0x3b3db]  -[NSApplication run]+0x39e
C  [libosxapp.dylib+0x214d]  +[NSApplicationAWT runAWTLoopWithApp:]+0x9c
C  [libawt_lwawt.dylib+0x44517]  -[AWTStarter starter:]+0x389
C  [Foundation+0x7152a]  __NSThreadPerformPerform+0x146
C  [CoreFoundation+0xa7321]  __CFRUNLOOP_IS_CALLING_OUT_TO_A_SOURCE0_PERFORM_FUNCTION__+0x11
C  [CoreFoundation+0x8821d]  __CFRunLoopDoSources0+0x22d
C  [CoreFoundation+0x87716]  __CFRunLoopRun+0x3a6
C  [CoreFoundation+0x87114]  CFRunLoopRunSpecific+0x1a4
C  [java+0x6463]  CreateExecutionEnvironment+0x367
C  [java+0x21ac]  JLI_Launch+0x7a0
C  [java+0x84c0]  main+0x65
C  [java+0x1a04]  start+0x34
C  0x0000000000000005


---------------  P R O C E S S  ---------------

Java Threads: ( => current thread )
  0x00007ff5d0250000 JavaThread "J3D-Renderer-1" [_thread_blocked, id=64515, stack(0x000070000aa0e000,0x000070000ab0e000)]
  0x00007ff5d0b69000 JavaThread "J3D-MasterControl-1" [_thread_in_vm, id=64003, stack(0x000070000a90b000,0x000070000aa0b000)]
  0x00007ff5d024f000 JavaThread "J3D-NotificationThread" [_thread_blocked, id=63491, stack(0x000070000a808000,0x000070000a908000)]
  0x00007ff5d024e000 JavaThread "J3D-TimerThread" [_thread_blocked, id=62979, stack(0x000070000a705000,0x000070000a805000)]
  0x00007ff5d12c4000 JavaThread "J3D-RenderingAttributesStructureUpdateThread" [_thread_blocked, id=62487, stack(0x000070000a602000,0x000070000a702000)]
  0x00007ff5cf87b000 JavaThread "AWT-EventQueue-0" [_thread_in_native, id=60931, stack(0x000070000a4ff000,0x000070000a5ff000)]
  0x00007ff5d12dd800 JavaThread "Java2D Disposer" daemon [_thread_blocked, id=60431, stack(0x000070000a3fc000,0x000070000a4fc000)]
  0x00007ff5cf894000 JavaThread "Java2D Queue Flusher" daemon [_thread_blocked, id=57359, stack(0x000070000a2f9000,0x000070000a3f9000)]
  0x00007ff5d11f1000 JavaThread "AWT-Shutdown" [_thread_blocked, id=29727, stack(0x000070000a173000,0x000070000a273000)]
=>0x00007ff5d0930800 JavaThread "AWT-AppKit" daemon [_thread_in_native, id=775, stack(0x00007fff54475000,0x00007fff54c75000)]
  0x00007ff5d10a1800 JavaThread "Service Thread" daemon [_thread_blocked, id=18435, stack(0x0000700009eea000,0x0000700009fea000)]
  0x00007ff5d1076000 JavaThread "C1 CompilerThread2" daemon [_thread_blocked, id=17923, stack(0x0000700009de7000,0x0000700009ee7000)]
  0x00007ff5d1031000 JavaThread "C2 CompilerThread1" daemon [_thread_blocked, id=17411, stack(0x0000700009ce4000,0x0000700009de4000)]
  0x00007ff5d1074800 JavaThread "C2 CompilerThread0" daemon [_thread_blocked, id=16899, stack(0x0000700009be1000,0x0000700009ce1000)]
  0x00007ff5d1032800 JavaThread "Signal Dispatcher" daemon [_thread_blocked, id=16387, stack(0x0000700009ade000,0x0000700009bde000)]
  0x00007ff5d1059800 JavaThread "Finalizer" daemon [_thread_blocked, id=12547, stack(0x00007000099db000,0x0000700009adb000)]
  0x00007ff5d1059000 JavaThread "Reference Handler" daemon [_thread_blocked, id=12035, stack(0x00007000098d8000,0x00007000099d8000)]
  0x00007ff5d0802000 JavaThread "main" [_thread_blocked, id=7171, stack(0x00007000092c6000,0x00007000093c6000)]

Other Threads:
  0x00007ff5d1056000 VMThread [stack: 0x00007000097d5000,0x00007000098d5000] [id=11523]
  0x00007ff5d0053000 WatcherThread [stack: 0x0000700009fed000,0x000070000a0ed000] [id=18947]

VM state:not at safepoint (normal execution)

VM Mutex/Monitor currently owned by a thread: None

Heap:
 PSYoungGen      total 38400K, used 10926K [0x0000000795580000, 0x0000000798000000, 0x00000007c0000000)
  eden space 33280K, 17% used [0x0000000795580000,0x0000000795b32fe0,0x0000000797600000)
  from space 5120K, 99% used [0x0000000797600000,0x0000000797af8b20,0x0000000797b00000)
  to   space 5120K, 0% used [0x0000000797b00000,0x0000000797b00000,0x0000000798000000)
 ParOldGen       total 87552K, used 714K [0x0000000740000000, 0x0000000745580000, 0x0000000795580000)
  object space 87552K, 0% used [0x0000000740000000,0x00000007400b2840,0x0000000745580000)
 Metaspace       used 18399K, capacity 18598K, committed 18944K, reserved 1067008K
  class space    used 1965K, capacity 2033K, committed 2048K, reserved 1048576K

Card table byte_map: [0x000000010bdc0000,0x000000010c1c1000] byte_map_base: 0x00000001083c0000

Marking Bits: (ParMarkBitMap*) 0x000000010cd2fe20
 Begin Bits: [0x000000011c685000, 0x000000011e685000)
 End Bits:   [0x000000011e685000, 0x0000000120685000)

Polling page: 0x000000010b04b000

CodeCache: size=245760Kb used=3436Kb max_used=3436Kb free=242324Kb
 bounds [0x000000010d3da000, 0x000000010d73a000, 0x000000011c3da000]
 total_blobs=1718 nmethods=846 adapters=786
 compilation: enabled

Compilation events (10 events):
Event: 3.208 Thread 0x00007ff5d1076000  843       3       com.sun.j3d.utils.geometry.GeomBuffer::vertex3d (34 bytes)
Event: 3.208 Thread 0x00007ff5d1076000 nmethod 843 0x000000010d7311d0 code [0x000000010d731360, 0x000000010d7317b0]
Event: 3.208 Thread 0x00007ff5d1076000  844       3       com.sun.j3d.utils.geometry.GeomBuffer::outVertex (67 bytes)
Event: 3.209 Thread 0x00007ff5d1076000 nmethod 844 0x000000010d731a50 code [0x000000010d731c60, 0x000000010d732770]
Event: 3.209 Thread 0x00007ff5d1076000  845       3       javax.vecmath.Point3f::<init> (6 bytes)
Event: 3.209 Thread 0x00007ff5d1076000 nmethod 845 0x000000010d733150 code [0x000000010d7332c0, 0x000000010d7334f0]
Event: 3.209 Thread 0x00007ff5d1076000  846       3       javax.vecmath.Vector3f::<init> (6 bytes)
Event: 3.209 Thread 0x00007ff5d1076000 nmethod 846 0x000000010d733610 code [0x000000010d733780, 0x000000010d7339b0]
Event: 3.209 Thread 0x00007ff5d1076000  841       3       sun.misc.FloatingDecimal$BinaryToASCIIBuffer::getChars (502 bytes)
Event: 3.211 Thread 0x00007ff5d1076000 nmethod 841 0x000000010d733ad0 code [0x000000010d733d40, 0x000000010d734d58]

GC Heap History (2 events):
Event: 1.985 GC heap before
{Heap before GC invocations=1 (full 0):
 PSYoungGen      total 38400K, used 33280K [0x0000000795580000, 0x0000000798000000, 0x00000007c0000000)
  eden space 33280K, 100% used [0x0000000795580000,0x0000000797600000,0x0000000797600000)
  from space 5120K, 0% used [0x0000000797b00000,0x0000000797b00000,0x0000000798000000)
  to   space 5120K, 0% used [0x0000000797600000,0x0000000797600000,0x0000000797b00000)
 ParOldGen       total 87552K, used 0K [0x0000000740000000, 0x0000000745580000, 0x0000000795580000)
  object space 87552K, 0% used [0x0000000740000000,0x0000000740000000,0x0000000745580000)
 Metaspace       used 16632K, capacity 16830K, committed 17280K, reserved 1064960K
  class space    used 1758K, capacity 1807K, committed 1920K, reserved 1048576K
Event: 1.993 GC heap after
Heap after GC invocations=1 (full 0):
 PSYoungGen      total 38400K, used 5090K [0x0000000795580000, 0x0000000798000000, 0x00000007c0000000)
  eden space 33280K, 0% used [0x0000000795580000,0x0000000795580000,0x0000000797600000)
  from space 5120K, 99% used [0x0000000797600000,0x0000000797af8b20,0x0000000797b00000)
  to   space 5120K, 0% used [0x0000000797b00000,0x0000000797b00000,0x0000000798000000)
 ParOldGen       total 87552K, used 714K [0x0000000740000000, 0x0000000745580000, 0x0000000795580000)
  object space 87552K, 0% used [0x0000000740000000,0x00000007400b2840,0x0000000745580000)
 Metaspace       used 16632K, capacity 16830K, committed 17280K, reserved 1064960K
  class space    used 1758K, capacity 1807K, committed 1920K, reserved 1048576K
}

Deoptimization events (10 events):
Event: 0.500 Thread 0x00007ff5d0802000 Uncommon trap: reason=unstable_if action=reinterpret pc=0x000000010d57cdf0 method=java.lang.String.replace(CC)Ljava/lang/String; @ 26
Event: 0.533 Thread 0x00007ff5d0802000 Uncommon trap: reason=unstable_if action=reinterpret pc=0x000000010d571520 method=java.lang.String.startsWith(Ljava/lang/String;I)Z @ 25
Event: 0.616 Thread 0x00007ff5d0802000 Uncommon trap: reason=unstable_if action=reinterpret pc=0x000000010d5e8804 method=java.util.regex.Matcher.reset()Ljava/util/regex/Matcher; @ 47
Event: 0.616 Thread 0x00007ff5d0802000 Uncommon trap: reason=predicate action=maybe_recompile pc=0x000000010d6066f4 method=java.util.regex.Pattern$Start.match(Ljava/util/regex/Matcher;ILjava/lang/CharSequence;)Z @ 37
Event: 0.616 Thread 0x00007ff5d0802000 Uncommon trap: reason=unstable_if action=reinterpret pc=0x000000010d5e8320 method=java.util.regex.Pattern$Single.isSatisfiedBy(I)Z @ 5
Event: 0.616 Thread 0x00007ff5d0802000 Uncommon trap: reason=class_check action=maybe_recompile pc=0x000000010d5ea1cc method=java.util.regex.Pattern$Curly.match(Ljava/util/regex/Matcher;ILjava/lang/CharSequence;)Z @ 19
Event: 0.616 Thread 0x00007ff5d0802000 Uncommon trap: reason=unstable_if action=reinterpret pc=0x000000010d5ea21c method=java.util.regex.Pattern$Curly.match(Ljava/util/regex/Matcher;ILjava/lang/CharSequence;)Z @ 9
Event: 0.616 Thread 0x00007ff5d0802000 Uncommon trap: reason=predicate action=maybe_recompile pc=0x000000010d5ffc40 method=java.util.regex.Pattern$Start.match(Ljava/util/regex/Matcher;ILjava/lang/CharSequence;)Z @ 37
Event: 0.616 Thread 0x00007ff5d0802000 Uncommon trap: reason=unstable_if action=reinterpret pc=0x000000010d5e6674 method=java.util.regex.Pattern$Single.isSatisfiedBy(I)Z @ 5
Event: 1.940 Thread 0x00007ff5d0802000 Uncommon trap: reason=unstable_if action=reinterpret pc=0x000000010d6fd6f8 method=java.util.HashMap.hash(Ljava/lang/Object;)I @ 1

Internal exceptions (10 events):
Event: 0.539 Thread 0x00007ff5d0802000 Exception <a 'java/lang/UnsatisfiedLinkError': com.jogamp.common.util.JarUtil.fixNativeLibAttribs(Ljava/lang/String;)Z> (0x0000000795f63130) thrown at [/Users/java_re/workspace/8-2-build-macosx-x86_64/jdk8u65/4987/hotspot/src/share/vm/prims/nativeLookup.c
Event: 0.544 Thread 0x00007ff5d0802000 Exception <a 'java/lang/UnsatisfiedLinkError': com.jogamp.common.util.JarUtil.fixNativeLibAttribs(Ljava/lang/String;)Z> (0x0000000795f6be88) thrown at [/Users/java_re/workspace/8-2-build-macosx-x86_64/jdk8u65/4987/hotspot/src/share/vm/prims/nativeLookup.c
Event: 0.544 Thread 0x00007ff5d0802000 Exception <a 'java/lang/UnsatisfiedLinkError': com.jogamp.common.util.JarUtil.fixNativeLibAttribs(Ljava/lang/String;)Z> (0x0000000795f7a0c8) thrown at [/Users/java_re/workspace/8-2-build-macosx-x86_64/jdk8u65/4987/hotspot/src/share/vm/prims/nativeLookup.c
Event: 0.546 Thread 0x00007ff5d0802000 Exception <a 'java/lang/UnsatisfiedLinkError': com.jogamp.common.util.JarUtil.fixNativeLibAttribs(Ljava/lang/String;)Z> (0x0000000795f82d80) thrown at [/Users/java_re/workspace/8-2-build-macosx-x86_64/jdk8u65/4987/hotspot/src/share/vm/prims/nativeLookup.c
Event: 0.547 Thread 0x00007ff5d0802000 Exception <a 'java/lang/UnsatisfiedLinkError': com.jogamp.common.util.JarUtil.fixNativeLibAttribs(Ljava/lang/String;)Z> (0x0000000795f89ab8) thrown at [/Users/java_re/workspace/8-2-build-macosx-x86_64/jdk8u65/4987/hotspot/src/share/vm/prims/nativeLookup.c
Event: 0.555 Thread 0x00007ff5d0802000 Exception <a 'java/lang/UnsatisfiedLinkError': com.jogamp.common.util.JarUtil.fixNativeLibAttribs(Ljava/lang/String;)Z> (0x0000000796043120) thrown at [/Users/java_re/workspace/8-2-build-macosx-x86_64/jdk8u65/4987/hotspot/src/share/vm/prims/nativeLookup.c
Event: 0.555 Thread 0x00007ff5d0802000 Exception <a 'java/lang/UnsatisfiedLinkError': com.jogamp.common.util.JarUtil.fixNativeLibAttribs(Ljava/lang/String;)Z> (0x000000079604bdd8) thrown at [/Users/java_re/workspace/8-2-build-macosx-x86_64/jdk8u65/4987/hotspot/src/share/vm/prims/nativeLookup.c
Event: 0.566 Thread 0x00007ff5d0802000 Exception <a 'java/lang/UnsatisfiedLinkError': com.jogamp.common.util.JarUtil.fixNativeLibAttribs(Ljava/lang/String;)Z> (0x0000000796054af8) thrown at [/Users/java_re/workspace/8-2-build-macosx-x86_64/jdk8u65/4987/hotspot/src/share/vm/prims/nativeLookup.c
Event: 0.572 Thread 0x00007ff5d0802000 Exception <a 'java/lang/UnsatisfiedLinkError': com.jogamp.common.util.JarUtil.fixNativeLibAttribs(Ljava/lang/String;)Z> (0x000000079605d7c0) thrown at [/Users/java_re/workspace/8-2-build-macosx-x86_64/jdk8u65/4987/hotspot/src/share/vm/prims/nativeLookup.c
Event: 1.940 Thread 0x00007ff5d0802000 Implicit null exception at 0x000000010d6fd4b5 to 0x000000010d6fd6e9

Events (10 events):
Event: 3.224 loading class javax/media/j3d/ClipRetained
Event: 3.224 loading class javax/media/j3d/ClipRetained done
Event: 3.225 loading class javax/media/j3d/ModelClipRetained
Event: 3.225 loading class javax/media/j3d/ModelClipRetained done
Event: 3.225 loading class javax/media/j3d/Locale
Event: 3.225 loading class javax/media/j3d/Locale done
Event: 3.227 loading class javax/media/j3d/HiResCoord
Event: 3.227 loading class javax/media/j3d/HiResCoord done
Event: 3.231 loading class javax/media/j3d/ViewCache
Event: 3.231 loading class javax/media/j3d/ViewCache done


Dynamic libraries:
0x00000000370d5000 	/System/Library/Frameworks/Cocoa.framework/Versions/A/Cocoa
0x00000000370d5000 	/System/Library/Frameworks/Security.framework/Versions/A/Security
0x00000000370d5000 	/System/Library/Frameworks/ApplicationServices.framework/Versions/A/ApplicationServices
0x00000000370d5000 	/usr/lib/libz.1.dylib
0x00000000370d5000 	/usr/lib/libSystem.B.dylib
0x00000000370d5000 	/usr/lib/libobjc.A.dylib
0x00000000370d5000 	/System/Library/Frameworks/CoreFoundation.framework/Versions/A/CoreFoundation
0x00000000370d5000 	/System/Library/Frameworks/Foundation.framework/Versions/C/Foundation
0x00000000370d5000 	/System/Library/Frameworks/AppKit.framework/Versions/C/AppKit
0x00000000370d5000 	/System/Library/Frameworks/CoreData.framework/Versions/A/CoreData
0x00000000370d5000 	/System/Library/PrivateFrameworks/RemoteViewServices.framework/Versions/A/RemoteViewServices
0x00000000370d5000 	/System/Library/PrivateFrameworks/UIFoundation.framework/Versions/A/UIFoundation
0x00000000370d5000 	/System/Library/PrivateFrameworks/DFRFoundation.framework/Versions/A/DFRFoundation
0x00000000370d5000 	/usr/lib/libenergytrace.dylib
0x00000000370d5000 	/System/Library/PrivateFrameworks/SkyLight.framework/Versions/A/SkyLight
0x00000000370d5000 	/System/Library/Frameworks/CoreGraphics.framework/Versions/A/CoreGraphics
0x00000000370d5000 	/usr/lib/libScreenReader.dylib
0x00000000370d5000 	/System/Library/Frameworks/Accelerate.framework/Versions/A/Accelerate
0x00000000370d5000 	/System/Library/Frameworks/IOSurface.framework/Versions/A/IOSurface
0x00000000370d5000 	/System/Library/Frameworks/AudioToolbox.framework/Versions/A/AudioToolbox
0x00000000370d5000 	/System/Library/Frameworks/AudioUnit.framework/Versions/A/AudioUnit
0x00000000370d5000 	/System/Library/PrivateFrameworks/DataDetectorsCore.framework/Versions/A/DataDetectorsCore
0x00000000370d5000 	/System/Library/PrivateFrameworks/DesktopServicesPriv.framework/Versions/A/DesktopServicesPriv
0x00000000370d5000 	/System/Library/Frameworks/Carbon.framework/Versions/A/Frameworks/HIToolbox.framework/Versions/A/HIToolbox
0x00000000370d5000 	/usr/lib/libicucore.A.dylib
0x00000000370d5000 	/System/Library/Frameworks/QuartzCore.framework/Versions/A/QuartzCore
0x00000000370d5000 	/System/Library/Frameworks/Carbon.framework/Versions/A/Frameworks/SpeechRecognition.framework/Versions/A/SpeechRecognition
0x00000000370d5000 	/usr/lib/libauto.dylib
0x00000000370d5000 	/usr/lib/libxml2.2.dylib
0x00000000370d5000 	/System/Library/PrivateFrameworks/CoreUI.framework/Versions/A/CoreUI
0x00000000370d5000 	/System/Library/Frameworks/CoreAudio.framework/Versions/A/CoreAudio
0x00000000370d5000 	/System/Library/Frameworks/DiskArbitration.framework/Versions/A/DiskArbitration
0x00000000370d5000 	/usr/lib/liblangid.dylib
0x00000000370d5000 	/System/Library/PrivateFrameworks/MultitouchSupport.framework/Versions/A/MultitouchSupport
0x00000000370d5000 	/System/Library/Frameworks/IOKit.framework/Versions/A/IOKit
0x00000000370d5000 	/usr/lib/libDiagnosticMessagesClient.dylib
0x00000000370d5000 	/System/Library/Frameworks/CoreServices.framework/Versions/A/CoreServices
0x00000000370d5000 	/System/Library/PrivateFrameworks/PerformanceAnalysis.framework/Versions/A/PerformanceAnalysis
0x00000000370d5000 	/System/Library/PrivateFrameworks/GenerationalStorage.framework/Versions/A/GenerationalStorage
0x00000000370d5000 	/System/Library/Frameworks/OpenGL.framework/Versions/A/OpenGL
0x00000000370d5000 	/System/Library/Frameworks/CoreImage.framework/Versions/A/CoreImage
0x00000000370d5000 	/System/Library/Frameworks/CoreText.framework/Versions/A/CoreText
0x00000000370d5000 	/System/Library/Frameworks/ImageIO.framework/Versions/A/ImageIO
0x00000000370d5000 	/System/Library/PrivateFrameworks/Backup.framework/Versions/A/Backup
0x00000000370d5000 	/usr/lib/libarchive.2.dylib
0x00000000370d5000 	/System/Library/Frameworks/CFNetwork.framework/Versions/A/CFNetwork
0x00000000370d5000 	/System/Library/Frameworks/SystemConfiguration.framework/Versions/A/SystemConfiguration
0x00000000370d5000 	/usr/lib/libCRFSuite.dylib
0x00000000370d5000 	/usr/lib/libc++.1.dylib
0x00000000370d5000 	/usr/lib/libc++abi.dylib
0x00000000370d5000 	/usr/lib/system/libcache.dylib
0x00000000370d5000 	/usr/lib/system/libcommonCrypto.dylib
0x00000000370d5000 	/usr/lib/system/libcompiler_rt.dylib
0x00000000370d5000 	/usr/lib/system/libcopyfile.dylib
0x00000000370d5000 	/usr/lib/system/libcorecrypto.dylib
0x00000000370d5000 	/usr/lib/system/libdispatch.dylib
0x00000000370d5000 	/usr/lib/system/libdyld.dylib
0x00000000370d5000 	/usr/lib/system/libkeymgr.dylib
0x00000000370d5000 	/usr/lib/system/liblaunch.dylib
0x00000000370d5000 	/usr/lib/system/libmacho.dylib
0x00000000370d5000 	/usr/lib/system/libquarantine.dylib
0x00000000370d5000 	/usr/lib/system/libremovefile.dylib
0x00000000370d5000 	/usr/lib/system/libsystem_asl.dylib
0x00000000370d5000 	/usr/lib/system/libsystem_blocks.dylib
0x00000000370d5000 	/usr/lib/system/libsystem_c.dylib
0x00000000370d5000 	/usr/lib/system/libsystem_configuration.dylib
0x00000000370d5000 	/usr/lib/system/libsystem_coreservices.dylib
0x00000000370d5000 	/usr/lib/system/libsystem_coretls.dylib
0x00000000370d5000 	/usr/lib/system/libsystem_dnssd.dylib
0x00000000370d5000 	/usr/lib/system/libsystem_info.dylib
0x00000000370d5000 	/usr/lib/system/libsystem_kernel.dylib
0x00000000370d5000 	/usr/lib/system/libsystem_m.dylib
0x00000000370d5000 	/usr/lib/system/libsystem_malloc.dylib
0x00000000370d5000 	/usr/lib/system/libsystem_network.dylib
0x00000000370d5000 	/usr/lib/system/libsystem_networkextension.dylib
0x00000000370d5000 	/usr/lib/system/libsystem_notify.dylib
0x00000000370d5000 	/usr/lib/system/libsystem_platform.dylib
0x00000000370d5000 	/usr/lib/system/libsystem_pthread.dylib
0x00000000370d5000 	/usr/lib/system/libsystem_sandbox.dylib
0x00000000370d5000 	/usr/lib/system/libsystem_secinit.dylib
0x00000000370d5000 	/usr/lib/system/libsystem_symptoms.dylib
0x00000000370d5000 	/usr/lib/system/libsystem_trace.dylib
0x00000000370d5000 	/usr/lib/system/libunwind.dylib
0x00000000370d5000 	/usr/lib/system/libxpc.dylib
0x00000000370d5000 	/usr/lib/libbsm.0.dylib
0x00000000370d5000 	/usr/lib/system/libkxld.dylib
0x00000000370d5000 	/usr/lib/libcoretls.dylib
0x00000000370d5000 	/usr/lib/libcoretls_cfhelpers.dylib
0x00000000370d5000 	/usr/lib/libOpenScriptingUtil.dylib
0x00000000370d5000 	/usr/lib/libpam.2.dylib
0x00000000370d5000 	/usr/lib/libsqlite3.dylib
0x00000000370d5000 	/usr/lib/libxar.1.dylib
0x00000000370d5000 	/usr/lib/libbz2.1.0.dylib
0x00000000370d5000 	/usr/lib/liblzma.5.dylib
0x00000000370d5000 	/usr/lib/libnetwork.dylib
0x00000000370d5000 	/usr/lib/libpcap.A.dylib
0x00000000370d5000 	/System/Library/Frameworks/CoreServices.framework/Versions/A/Frameworks/FSEvents.framework/Versions/A/FSEvents
0x00000000370d5000 	/System/Library/Frameworks/CoreServices.framework/Versions/A/Frameworks/CarbonCore.framework/Versions/A/CarbonCore
0x00000000370d5000 	/System/Library/Frameworks/CoreServices.framework/Versions/A/Frameworks/Metadata.framework/Versions/A/Metadata
0x00000000370d5000 	/System/Library/Frameworks/CoreServices.framework/Versions/A/Frameworks/OSServices.framework/Versions/A/OSServices
0x00000000370d5000 	/System/Library/Frameworks/CoreServices.framework/Versions/A/Frameworks/SearchKit.framework/Versions/A/SearchKit
0x00000000370d5000 	/System/Library/Frameworks/CoreServices.framework/Versions/A/Frameworks/AE.framework/Versions/A/AE
0x00000000370d5000 	/System/Library/Frameworks/CoreServices.framework/Versions/A/Frameworks/LaunchServices.framework/Versions/A/LaunchServices
0x00000000370d5000 	/System/Library/Frameworks/CoreServices.framework/Versions/A/Frameworks/DictionaryServices.framework/Versions/A/DictionaryServices
0x00000000370d5000 	/System/Library/Frameworks/CoreServices.framework/Versions/A/Frameworks/SharedFileList.framework/Versions/A/SharedFileList
0x00000000370d5000 	/System/Library/Frameworks/NetFS.framework/Versions/A/NetFS
0x00000000370d5000 	/System/Library/PrivateFrameworks/NetAuth.framework/Versions/A/NetAuth
0x00000000370d5000 	/System/Library/PrivateFrameworks/login.framework/Versions/A/Frameworks/loginsupport.framework/Versions/A/loginsupport
0x00000000370d5000 	/System/Library/PrivateFrameworks/TCC.framework/Versions/A/TCC
0x00000000370d5000 	/usr/lib/libmecabra.dylib
0x00000000370d5000 	/System/Library/Frameworks/ApplicationServices.framework/Versions/A/Frameworks/ATS.framework/Versions/A/ATS
0x00000000370d5000 	/System/Library/Frameworks/ApplicationServices.framework/Versions/A/Frameworks/ColorSync.framework/Versions/A/ColorSync
0x00000000370d5000 	/System/Library/Frameworks/ApplicationServices.framework/Versions/A/Frameworks/HIServices.framework/Versions/A/HIServices
0x00000000370d5000 	/System/Library/Frameworks/ApplicationServices.framework/Versions/A/Frameworks/LangAnalysis.framework/Versions/A/LangAnalysis
0x00000000370d5000 	/System/Library/Frameworks/ApplicationServices.framework/Versions/A/Frameworks/PrintCore.framework/Versions/A/PrintCore
0x00000000370d5000 	/System/Library/Frameworks/ApplicationServices.framework/Versions/A/Frameworks/QD.framework/Versions/A/QD
0x00000000370d5000 	/System/Library/Frameworks/ApplicationServices.framework/Versions/A/Frameworks/SpeechSynthesis.framework/Versions/A/SpeechSynthesis
0x00000000370d5000 	/System/Library/Frameworks/Accelerate.framework/Versions/A/Frameworks/vImage.framework/Versions/A/vImage
0x00000000370d5000 	/System/Library/Frameworks/Accelerate.framework/Versions/A/Frameworks/vecLib.framework/Versions/A/vecLib
0x00000000370d5000 	/System/Library/Frameworks/Accelerate.framework/Versions/A/Frameworks/vecLib.framework/Versions/A/libvDSP.dylib
0x00000000370d5000 	/System/Library/Frameworks/Accelerate.framework/Versions/A/Frameworks/vecLib.framework/Versions/A/libBNNS.dylib
0x00000000370d5000 	/System/Library/Frameworks/Accelerate.framework/Versions/A/Frameworks/vecLib.framework/Versions/A/libQuadrature.dylib
0x00000000370d5000 	/System/Library/Frameworks/Accelerate.framework/Versions/A/Frameworks/vecLib.framework/Versions/A/libvMisc.dylib
0x00000000370d5000 	/System/Library/Frameworks/Accelerate.framework/Versions/A/Frameworks/vecLib.framework/Versions/A/libLAPACK.dylib
0x00000000370d5000 	/System/Library/Frameworks/Accelerate.framework/Versions/A/Frameworks/vecLib.framework/Versions/A/libBLAS.dylib
0x00000000370d5000 	/System/Library/Frameworks/Accelerate.framework/Versions/A/Frameworks/vecLib.framework/Versions/A/libLinearAlgebra.dylib
0x00000000370d5000 	/System/Library/Frameworks/Accelerate.framework/Versions/A/Frameworks/vecLib.framework/Versions/A/libSparseBLAS.dylib
0x00000000370d5000 	/System/Library/Frameworks/ApplicationServices.framework/Versions/A/Frameworks/ATS.framework/Versions/A/Resources/libFontParser.dylib
0x00000000370d5000 	/System/Library/Frameworks/ApplicationServices.framework/Versions/A/Frameworks/ATS.framework/Versions/A/Resources/libFontRegistry.dylib
0x00000000370d5000 	/System/Library/Frameworks/ImageIO.framework/Versions/A/Resources/libJPEG.dylib
0x00000000370d5000 	/System/Library/Frameworks/ImageIO.framework/Versions/A/Resources/libTIFF.dylib
0x00000000370d5000 	/System/Library/Frameworks/ImageIO.framework/Versions/A/Resources/libPng.dylib
0x00000000370d5000 	/System/Library/Frameworks/ImageIO.framework/Versions/A/Resources/libGIF.dylib
0x00000000370d5000 	/System/Library/Frameworks/ImageIO.framework/Versions/A/Resources/libJP2.dylib
0x00000000370d5000 	/System/Library/Frameworks/ImageIO.framework/Versions/A/Resources/libRadiance.dylib
0x00000000370d5000 	/usr/lib/libcompression.dylib
0x00000000370d5000 	/System/Library/PrivateFrameworks/AppleJPEG.framework/Versions/A/AppleJPEG
0x00000000370d5000 	/usr/lib/libcups.2.dylib
0x00000000370d5000 	/System/Library/Frameworks/Kerberos.framework/Versions/A/Kerberos
0x00000000370d5000 	/System/Library/Frameworks/GSS.framework/Versions/A/GSS
0x00000000370d5000 	/usr/lib/libresolv.9.dylib
0x00000000370d5000 	/usr/lib/libiconv.2.dylib
0x00000000370d5000 	/System/Library/PrivateFrameworks/Heimdal.framework/Versions/A/Heimdal
0x00000000370d5000 	/usr/lib/libheimdal-asn1.dylib
0x00000000370d5000 	/System/Library/Frameworks/OpenDirectory.framework/Versions/A/OpenDirectory
0x00000000370d5000 	/System/Library/PrivateFrameworks/CommonAuth.framework/Versions/A/CommonAuth
0x00000000370d5000 	/System/Library/Frameworks/OpenDirectory.framework/Versions/A/Frameworks/CFOpenDirectory.framework/Versions/A/CFOpenDirectory
0x00000000370d5000 	/System/Library/Frameworks/SecurityFoundation.framework/Versions/A/SecurityFoundation
0x00000000370d5000 	/System/Library/PrivateFrameworks/LanguageModeling.framework/Versions/A/LanguageModeling
0x00000000370d5000 	/usr/lib/libmarisa.dylib
0x00000000370d5000 	/usr/lib/libChineseTokenizer.dylib
0x00000000370d5000 	/usr/lib/libcmph.dylib
0x00000000370d5000 	/System/Library/PrivateFrameworks/CoreEmoji.framework/Versions/A/CoreEmoji
0x00000000370d5000 	/System/Library/Frameworks/ServiceManagement.framework/Versions/A/ServiceManagement
0x00000000370d5000 	/usr/lib/libxslt.1.dylib
0x00000000370d5000 	/System/Library/Frameworks/Carbon.framework/Versions/A/Frameworks/Ink.framework/Versions/A/Ink
0x00000000370d5000 	/System/Library/PrivateFrameworks/TextureIO.framework/Versions/A/TextureIO
0x00000000370d5000 	/System/Library/Frameworks/Metal.framework/Versions/A/Metal
0x00000000370d5000 	/usr/lib/libate.dylib
0x00000000370d5000 	/System/Library/PrivateFrameworks/GPUCompiler.framework/libmetal_timestamp.dylib
0x00000000370d5000 	/System/Library/Frameworks/OpenGL.framework/Versions/A/Libraries/libCoreFSCache.dylib
0x00000000370d5000 	/System/Library/PrivateFrameworks/IOAccelerator.framework/Versions/A/IOAccelerator
0x00000000370d5000 	/System/Library/Frameworks/CoreVideo.framework/Versions/A/CoreVideo
0x00000000370d5000 	/usr/lib/libFosl_dynamic.dylib
0x00000000370d5000 	/System/Library/PrivateFrameworks/MetalPerformanceShaders.framework/Versions/A/MetalPerformanceShaders
0x00000000370d5000 	/System/Library/PrivateFrameworks/FaceCore.framework/Versions/A/FaceCore
0x00000000370d5000 	/System/Library/Frameworks/OpenCL.framework/Versions/A/OpenCL
0x00000000370d5000 	/System/Library/Frameworks/OpenGL.framework/Versions/A/Libraries/libGLU.dylib
0x00000000370d5000 	/System/Library/Frameworks/OpenGL.framework/Versions/A/Libraries/libGFXShared.dylib
0x00000000370d5000 	/System/Library/Frameworks/OpenGL.framework/Versions/A/Libraries/libGL.dylib
0x00000000370d5000 	/System/Library/Frameworks/OpenGL.framework/Versions/A/Libraries/libGLImage.dylib
0x00000000370d5000 	/System/Library/Frameworks/OpenGL.framework/Versions/A/Libraries/libCVMSPluginSupport.dylib
0x00000000370d5000 	/System/Library/Frameworks/OpenGL.framework/Versions/A/Libraries/libCoreVMClient.dylib
0x00000000370d5000 	/System/Library/PrivateFrameworks/CrashReporterSupport.framework/Versions/A/CrashReporterSupport
0x00000000370d5000 	/System/Library/PrivateFrameworks/Sharing.framework/Versions/A/Sharing
0x00000000370d5000 	/System/Library/PrivateFrameworks/IconServices.framework/Versions/A/IconServices
0x00000000370d5000 	/System/Library/PrivateFrameworks/ProtocolBuffer.framework/Versions/A/ProtocolBuffer
0x00000000370d5000 	/System/Library/PrivateFrameworks/Apple80211.framework/Versions/A/Apple80211
0x00000000370d5000 	/System/Library/Frameworks/CoreWLAN.framework/Versions/A/CoreWLAN
0x00000000370d5000 	/System/Library/PrivateFrameworks/CoreUtils.framework/Versions/A/CoreUtils
0x00000000370d5000 	/System/Library/Frameworks/IOBluetooth.framework/Versions/A/IOBluetooth
0x00000000370d5000 	/System/Library/PrivateFrameworks/CoreWiFi.framework/Versions/A/CoreWiFi
0x00000000370d5000 	/System/Library/Frameworks/CoreBluetooth.framework/Versions/A/CoreBluetooth
0x00000000370d5000 	/System/Library/Frameworks/CoreDisplay.framework/Versions/A/CoreDisplay
0x00000000370d5000 	/System/Library/PrivateFrameworks/IOPresentment.framework/Versions/A/IOPresentment
0x00000000370d5000 	/System/Library/PrivateFrameworks/DSExternalDisplay.framework/Versions/A/DSExternalDisplay
0x00000000370d5000 	/System/Library/PrivateFrameworks/DebugSymbols.framework/Versions/A/DebugSymbols
0x00000000370d5000 	/System/Library/PrivateFrameworks/CoreSymbolication.framework/Versions/A/CoreSymbolication
0x00000000370d5000 	/System/Library/PrivateFrameworks/Symbolication.framework/Versions/A/Symbolication
0x00000000370d5000 	/System/Library/PrivateFrameworks/AppleFSCompression.framework/Versions/A/AppleFSCompression
0x00000000370d5000 	/System/Library/PrivateFrameworks/SpeechRecognitionCore.framework/Versions/A/SpeechRecognitionCore
0x00000000370d5000 	/System/Library/PrivateFrameworks/ChunkingLibrary.framework/Versions/A/ChunkingLibrary
0x000000010c451000 	/Library/Java/JavaVirtualMachines/jdk1.8.0_65.jdk/Contents/Home/jre/lib/server/libjvm.dylib
0x00000000370d5000 	/usr/lib/libstdc++.6.dylib
0x000000010b008000 	/Library/Java/JavaVirtualMachines/jdk1.8.0_65.jdk/Contents/Home/jre/lib/libverify.dylib
0x000000010b016000 	/Library/Java/JavaVirtualMachines/jdk1.8.0_65.jdk/Contents/Home/jre/lib/libjava.dylib
0x000000010b055000 	/Library/Java/JavaVirtualMachines/jdk1.8.0_65.jdk/Contents/Home/jre/lib/libzip.dylib
0x00000001221e5000 	/System/Library/Frameworks/JavaVM.framework/Frameworks/JavaRuntimeSupport.framework/JavaRuntimeSupport
0x00000001221ff000 	/System/Library/Frameworks/JavaVM.framework/Versions/A/Frameworks/JavaNativeFoundation.framework/Versions/A/JavaNativeFoundation
0x000000010b1f1000 	/System/Library/Frameworks/JavaVM.framework/Versions/A/JavaVM
0x00000000370d5000 	/System/Library/Frameworks/Carbon.framework/Versions/A/Carbon
0x0000000122214000 	/System/Library/PrivateFrameworks/JavaLaunching.framework/Versions/A/JavaLaunching
0x00000000370d5000 	/System/Library/Frameworks/Carbon.framework/Versions/A/Frameworks/CommonPanels.framework/Versions/A/CommonPanels
0x00000000370d5000 	/System/Library/Frameworks/Carbon.framework/Versions/A/Frameworks/Help.framework/Versions/A/Help
0x00000000370d5000 	/System/Library/Frameworks/Carbon.framework/Versions/A/Frameworks/ImageCapture.framework/Versions/A/ImageCapture
0x00000000370d5000 	/System/Library/Frameworks/Carbon.framework/Versions/A/Frameworks/OpenScripting.framework/Versions/A/OpenScripting
0x00000000370d5000 	/System/Library/Frameworks/Carbon.framework/Versions/A/Frameworks/Print.framework/Versions/A/Print
0x00000000370d5000 	/System/Library/Frameworks/Carbon.framework/Versions/A/Frameworks/SecurityHI.framework/Versions/A/SecurityHI
0x0000000123b9e000 	/Library/Java/JavaVirtualMachines/jdk1.8.0_65.jdk/Contents/Home/jre/lib/libawt.dylib
0x0000000123c46000 	/Library/Java/JavaVirtualMachines/jdk1.8.0_65.jdk/Contents/Home/jre/lib/./libmlib_image.dylib
0x0000000123d12000 	/Library/Java/JavaVirtualMachines/jdk1.8.0_65.jdk/Contents/Home/jre/lib/libawt_lwawt.dylib
0x0000000123dc7000 	/Library/Java/JavaVirtualMachines/jdk1.8.0_65.jdk/Contents/Home/jre/lib/./libosxapp.dylib
0x00000000370d5000 	/System/Library/Frameworks/ExceptionHandling.framework/Versions/A/ExceptionHandling
0x00000000370d5000 	/System/Library/PrivateFrameworks/CoreServicesInternal.framework/Versions/A/CoreServicesInternal
0x00000000370d5000 	/System/Library/CoreServices/RawCamera.bundle/Contents/MacOS/RawCamera
0x00000000370d5000 	/System/Library/Frameworks/Accelerate.framework/Versions/A/Frameworks/vImage.framework/Versions/A/Libraries/libCGInterfaces.dylib
0x00000000370d5000 	/System/Library/Frameworks/ApplicationServices.framework/Versions/A/Frameworks/ATS.framework/Versions/A/Resources/libTrueTypeScaler.dylib
0x0000000125b95000 	/System/Library/Frameworks/OpenGL.framework/Resources/GLEngine.bundle/GLEngine
0x00000000370d5000 	/System/Library/Frameworks/OpenGL.framework/Versions/A/Libraries/libGLProgrammability.dylib
0x0000000125d7a000 	/System/Library/Extensions/AppleIntelHD5000GraphicsGLDriver.bundle/Contents/MacOS/AppleIntelHD5000GraphicsGLDriver
0x00000000370d5000 	/System/Library/PrivateFrameworks/GPUSupport.framework/Versions/A/Libraries/libGPUSupportMercury.dylib
0x00000001264e8000 	/System/Library/Frameworks/OpenGL.framework/Resources//GLRendererFloat.bundle/GLRendererFloat
0x00000000370d5000 	/System/Library/Frameworks/OpenCL.framework/Versions/A/Libraries/libcldcpuengine.dylib
0x00000000370d5000 	/usr/lib/libcrypto.0.9.8.dylib
0x00000000370d5000 	/System/Library/PrivateFrameworks/TrustEvaluationAgent.framework/Versions/A/TrustEvaluationAgent
0x000000012651c000 	/System/Library/Extensions/AppleIntelHD5000GraphicsMTLDriver.bundle/Contents/MacOS/AppleIntelHD5000GraphicsMTLDriver
0x00000000370d5000 	/System/Library/PrivateFrameworks/FamilyControls.framework/Versions/A/FamilyControls
0x00000000370d5000 	/System/Library/PrivateFrameworks/CommerceKit.framework/Versions/A/Frameworks/CommerceCore.framework/Versions/A/CommerceCore
0x00000000370d5000 	/System/Library/PrivateFrameworks/SystemAdministration.framework/Versions/A/SystemAdministration
0x00000000370d5000 	/System/Library/PrivateFrameworks/AppContainer.framework/Versions/A/AppContainer
0x00000000370d5000 	/System/Library/PrivateFrameworks/SecCodeWrapper.framework/Versions/A/SecCodeWrapper
0x00000000370d5000 	/System/Library/Frameworks/DirectoryService.framework/Versions/A/DirectoryService
0x00000000370d5000 	/System/Library/PrivateFrameworks/DiskImages.framework/Versions/A/DiskImages
0x00000000370d5000 	/System/Library/PrivateFrameworks/LoginUIKit.framework/Versions/A/Frameworks/LoginUICore.framework/Versions/A/LoginUICore
0x00000000370d5000 	/usr/lib/libCoreStorage.dylib
0x00000000370d5000 	/usr/lib/libcsfde.dylib
0x00000000370d5000 	/usr/lib/libodfde.dylib
0x00000000370d5000 	/System/Library/Frameworks/DiscRecording.framework/Versions/A/DiscRecording
0x00000000370d5000 	/usr/lib/libcurl.4.dylib
0x00000000370d5000 	/System/Library/PrivateFrameworks/MediaKit.framework/Versions/A/MediaKit
0x00000000370d5000 	/System/Library/PrivateFrameworks/ProtectedCloudStorage.framework/Versions/A/ProtectedCloudStorage
0x00000000370d5000 	/System/Library/PrivateFrameworks/EFILogin.framework/Versions/A/EFILogin
0x00000000370d5000 	/usr/lib/libutil.dylib
0x00000000370d5000 	/System/Library/Frameworks/LDAP.framework/Versions/A/LDAP
0x00000000370d5000 	/usr/lib/libsasl2.2.dylib
0x00000000370d5000 	/System/Library/PrivateFrameworks/CoreDaemon.framework/Versions/B/CoreDaemon
0x00000000370d5000 	/System/Library/PrivateFrameworks/AppleSRP.framework/Versions/A/AppleSRP
0x00000000370d5000 	/System/Library/PrivateFrameworks/APFS.framework/Versions/A/APFS
0x0000000127982000 	/Library/Java/JavaVirtualMachines/jdk1.8.0_65.jdk/Contents/Home/jre/lib/libnet.dylib
0x0000000125b80000 	/Library/Java/JavaVirtualMachines/jdk1.8.0_65.jdk/Contents/Home/jre/lib/libnio.dylib
0x00000000370d5000 	/System/Library/PrivateFrameworks/ViewBridge.framework/Versions/A/ViewBridge
0x00000000370d5000 	/System/Library/PrivateFrameworks/XPCService.framework/Versions/A/XPCService
0x00000000370d5000 	/System/Library/PrivateFrameworks/AppSandbox.framework/Versions/A/AppSandbox
0x00000000370d5000 	/usr/lib/libsandbox.1.dylib
0x00000000370d5000 	/usr/lib/libMatch.1.dylib
0x000000012571d000 	/private/var/folders/7t/0cptd3gx6v9bxz7l5zxck2tr0000gn/T/jogamp_0000/file_cache/jln7452445024164342963/jln1383898684037361608/natives/macosx-universal/libgluegen-rt.jnilib
0x0000000127b12000 	/Library/Java/JavaVirtualMachines/jdk1.8.0_65.jdk/Contents/Home/jre/lib/libfontmanager.dylib
0x0000000125721000 	/private/var/folders/7t/0cptd3gx6v9bxz7l5zxck2tr0000gn/T/jogamp_0000/file_cache/jln7452445024164342963/jln1383898684037361608/natives/macosx-universal/libnativewindow_awt.jnilib
0x0000000125724000 	/Library/Java/JavaVirtualMachines/jdk1.8.0_65.jdk/Contents/Home/jre/lib/libjawt.dylib
0x0000000128619000 	/private/var/folders/7t/0cptd3gx6v9bxz7l5zxck2tr0000gn/T/jogamp_0000/file_cache/jln7452445024164342963/jln1383898684037361608/natives/macosx-universal/libnativewindow_macosx.jnilib
0x0000000128888000 	/private/var/folders/7t/0cptd3gx6v9bxz7l5zxck2tr0000gn/T/jogamp_0000/file_cache/jln7452445024164342963/jln1383898684037361608/natives/macosx-universal/libjogl_desktop.jnilib
0x000000012895c000 	/private/var/folders/7t/0cptd3gx6v9bxz7l5zxck2tr0000gn/T/jogamp_0000/file_cache/jln7452445024164342963/jln1383898684037361608/natives/macosx-universal/libjogl_mobile.jnilib
0x0000000128bc3000 	/Library/Java/JavaVirtualMachines/jdk1.8.0_65.jdk/Contents/Home/jre/lib/libosxui.dylib

VM Arguments:
jvm_args: -Dfile.encoding=UTF-8 
java_command: project.Main
java_class_path (initial): /Library/Java/JavaVirtualMachines/jdk1.8.0_65.jdk/Contents/Home/jre/lib/resources.jar:/Library/Java/JavaVirtualMachines/jdk1.8.0_65.jdk/Contents/Home/jre/lib/rt.jar:/Library/Java/JavaVirtualMachines/jdk1.8.0_65.jdk/Contents/Home/jre/lib/jsse.jar:/Library/Java/JavaVirtualMachines/jdk1.8.0_65.jdk/Contents/Home/jre/lib/jce.jar:/Library/Java/JavaVirtualMachines/jdk1.8.0_65.jdk/Contents/Home/jre/lib/charsets.jar:/Library/Java/JavaVirtualMachines/jdk1.8.0_65.jdk/Contents/Home/jre/lib/jfr.jar:/Library/Java/JavaVirtualMachines/jdk1.8.0_65.jdk/Contents/Home/jre/lib/ext/cldrdata.jar:/Library/Java/JavaVirtualMachines/jdk1.8.0_65.jdk/Contents/Home/jre/lib/ext/dnsns.jar:/Library/Java/JavaVirtualMachines/jdk1.8.0_65.jdk/Contents/Home/jre/lib/ext/jaccess.jar:/Library/Java/JavaVirtualMachines/jdk1.8.0_65.jdk/Contents/Home/jre/lib/ext/jfxrt.jar:/Library/Java/JavaVirtualMachines/jdk1.8.0_65.jdk/Contents/Home/jre/lib/ext/localedata.jar:/Library/Java/JavaVirtualMachines/jdk1.8.0_65.jdk/Contents/Home/jre/lib/ext/nashorn.jar:/Library/Java/JavaVirtualMachines/jdk1.8.0_65.jdk/Contents/Home/jre/lib/ext/sunec.jar:/Library/Java/JavaVirtualMachines/jdk1.8.0_65.jdk/Contents/Home/jre/lib/ext/sunjce_provider.jar:/Library/Java/JavaVirtualMachines/jdk1.8.0_65.jdk/Contents/Home/jre/lib/ext/sunpkcs11.jar:/Library/Java/JavaVirtualMachines/jdk1.8.0_65.jdk/Contents/Home/jre/lib/ext/zipfs.jar:/System/Library/Java/Extensions/MRJToolkit.jar:/Users/john/Desktop/eclipseoxygy/gitstuff/MDEProjectexample/target/classes:/Users/john/.m2/repository/MDSDProject/MDSDProject/0.0.1-SNAPSHOT/MDSDProject-0.0.1-SNAPSHOT.jar:/Users/john/.m2/repository/MDSDProject/j3dcore/1.0/j3dcore-1.0.jar:/Users/john/.m2/repository/MDSDProject/j3dutils/1.0/j3dutils-1.0.jar:/Users/john/.m2/repository/MDSDProject/jogamp-fat/1.0/jogamp-fat-1.0.jar:/Users/john/.m2/repository/MDSDProject/Loader3DS1_2/1.0/Loader3DS1_2-1.0.jar:/Users/john/.m2/repository/MDSDProject/StarfireExt/1.0/StarfireExt-1.0.jar:/Users/john/.m
Launcher Type: SUN_STANDARD

Environment Variables:
PATH=/usr/bin:/bin:/usr/sbin:/sbin
SHELL=/bin/bash

Signal Handlers:
SIGSEGV: [libjvm.dylib+0x5a6d31], sa_mask[0]=11111111011111110111111111111111, sa_flags=SA_ONSTACK|SA_RESTART|SA_SIGINFO
SIGBUS: [libjvm.dylib+0x5a6d31], sa_mask[0]=11111111011111110111111111111111, sa_flags=SA_RESTART|SA_SIGINFO
SIGFPE: [libjvm.dylib+0x480a40], sa_mask[0]=11111111011111110111111111111111, sa_flags=SA_RESTART|SA_SIGINFO
SIGPIPE: [libjvm.dylib+0x480a40], sa_mask[0]=11111111011111110111111111111111, sa_flags=SA_RESTART|SA_SIGINFO
SIGXFSZ: [libjvm.dylib+0x480a40], sa_mask[0]=11111111011111110111111111111111, sa_flags=SA_RESTART|SA_SIGINFO
SIGILL: [libjvm.dylib+0x480a40], sa_mask[0]=11111111011111110111111111111111, sa_flags=SA_RESTART|SA_SIGINFO
SIGUSR1: SIG_DFL, sa_mask[0]=00000000000000000000000000000000, sa_flags=none
SIGUSR2: [libjvm.dylib+0x48055e], sa_mask[0]=00100000000000000000000000000000, sa_flags=SA_RESTART|SA_SIGINFO
SIGHUP: [libjvm.dylib+0x47eb35], sa_mask[0]=11111111011111110111111111111111, sa_flags=SA_RESTART|SA_SIGINFO
SIGINT: [libjvm.dylib+0x47eb35], sa_mask[0]=11111111011111110111111111111111, sa_flags=SA_RESTART|SA_SIGINFO
SIGTERM: [libjvm.dylib+0x47eb35], sa_mask[0]=11111111011111110111111111111111, sa_flags=SA_RESTART|SA_SIGINFO
SIGQUIT: [libjvm.dylib+0x47eb35], sa_mask[0]=11111111011111110111111111111111, sa_flags=SA_RESTART|SA_SIGINFO


---------------  S Y S T E M  ---------------

OS:Bsduname:Darwin 16.7.0 Darwin Kernel Version 16.7.0: Thu Jun 15 17:36:27 PDT 2017; root:xnu-3789.70.16~2/RELEASE_X86_64 x86_64
rlimit: STACK 8192k, CORE 0k, NPROC 709, NOFILE 10240, AS infinity
load average:2.40 2.01 1.94

CPU:total 4 (2 cores per cpu, 2 threads per core) family 6 model 69 stepping 1, cmov, cx8, fxsr, mmx, sse, sse2, sse3, ssse3, sse4.1, sse4.2, popcnt, avx, avx2, aes, clmul, erms, lzcnt, ht, tsc, tscinvbit, bmi1, bmi2

Memory: 4k page, physical 8388608k(530036k free)

/proc/meminfo:


vm_info: Java HotSpot(TM) 64-Bit Server VM (25.65-b01) for bsd-amd64 JRE (1.8.0_65-b17), built on Oct  6 2015 15:36:46 by "java_re" with gcc 4.2.1 (Based on Apple Inc. build 5658) (LLVM build 2336.11.00)

time: Sat Dec 23 10:19:18 2017
elapsed time: 3 seconds (0d 0h 0m 3s)

